2023-07-15 12:58:22,503 INFO o.a.j.u.JMeterUtils: Setting Locale to en_EN
2023-07-15 12:58:22,559 INFO o.a.j.JMeter: Loading user properties from: user.properties
2023-07-15 12:58:22,561 INFO o.a.j.JMeter: Loading system properties from: system.properties
2023-07-15 12:58:22,584 INFO o.a.j.JMeter: Copyright (c) 1998-2023 The Apache Software Foundation
2023-07-15 12:58:22,584 INFO o.a.j.JMeter: Version 5.6
2023-07-15 12:58:22,584 INFO o.a.j.JMeter: java.version=17.0.7
2023-07-15 12:58:22,584 INFO o.a.j.JMeter: java.vm.name=OpenJDK 64-Bit Server VM
2023-07-15 12:58:22,584 INFO o.a.j.JMeter: os.name=Windows 10
2023-07-15 12:58:22,585 INFO o.a.j.JMeter: os.arch=amd64
2023-07-15 12:58:22,585 INFO o.a.j.JMeter: os.version=10.0
2023-07-15 12:58:22,585 INFO o.a.j.JMeter: file.encoding=Cp1252
2023-07-15 12:58:22,585 INFO o.a.j.JMeter: java.awt.headless=null
2023-07-15 12:58:22,586 INFO o.a.j.JMeter: Max memory     =1073741824
2023-07-15 12:58:22,586 INFO o.a.j.JMeter: Available Processors =8
2023-07-15 12:58:22,607 INFO o.a.j.JMeter: Default Locale=English (EN)
2023-07-15 12:58:22,608 INFO o.a.j.JMeter: JMeter  Locale=English (EN)
2023-07-15 12:58:22,608 INFO o.a.j.JMeter: JMeterHome=C:\Users\Desktop\Downloads\apache-jmeter-5.6
2023-07-15 12:58:22,608 INFO o.a.j.JMeter: user.dir  =C:\Users\Desktop\Downloads\apache-jmeter-5.6\bin
2023-07-15 12:58:22,610 INFO o.a.j.JMeter: PWD       =C:\Users\Desktop\Downloads\apache-jmeter-5.6\bin
2023-07-15 12:58:22,612 INFO o.a.j.JMeter: IP: 172.29.160.1 Name: AtifPersonal FullName: AtifPersonal.mshome.net
2023-07-15 12:58:22,673 INFO o.a.j.JMeter: Loaded icon properties from org/apache/jmeter/images/icon.properties
2023-07-15 12:58:23,089 INFO o.a.j.JMeterGuiLauncher: Setting LAF to: com.github.weisj.darklaf.DarkLaf:com.github.weisj.darklaf.theme.DarculaTheme
2023-07-15 12:58:56,115 INFO o.a.j.s.FileServer: Default base='C:\Users\Desktop\Downloads\apache-jmeter-5.6\bin'
2023-07-15 12:58:56,123 INFO o.a.j.g.a.Load: Loading file: C:\Users\Desktop\Downloads\apache-jmeter-5.6\bin\examples\bytick.jmx
2023-07-15 12:58:56,123 INFO o.a.j.s.FileServer: Set new base='C:\Users\Desktop\Downloads\apache-jmeter-5.6\bin\examples'
2023-07-15 12:58:56,544 INFO o.a.j.s.SaveService: Testplan (JMX) version: 2.2. Testlog (JTL) version: 2.2
2023-07-15 12:58:56,588 INFO o.a.j.s.SaveService: Using SaveService properties version 5.0
2023-07-15 12:58:56,593 INFO o.a.j.s.SaveService: Using SaveService properties file encoding UTF-8
2023-07-15 12:58:56,597 INFO o.a.j.s.SaveService: Loading file: C:\Users\Desktop\Downloads\apache-jmeter-5.6\bin\examples\bytick.jmx
2023-07-15 12:58:56,658 INFO o.a.j.p.h.s.HTTPSamplerBase: Parser for text/html is org.apache.jmeter.protocol.http.parser.LagartoBasedHtmlParser
2023-07-15 12:58:56,659 INFO o.a.j.p.h.s.HTTPSamplerBase: Parser for application/xhtml+xml is org.apache.jmeter.protocol.http.parser.LagartoBasedHtmlParser
2023-07-15 12:58:56,659 INFO o.a.j.p.h.s.HTTPSamplerBase: Parser for application/xml is org.apache.jmeter.protocol.http.parser.LagartoBasedHtmlParser
2023-07-15 12:58:56,659 INFO o.a.j.p.h.s.HTTPSamplerBase: Parser for text/xml is org.apache.jmeter.protocol.http.parser.LagartoBasedHtmlParser
2023-07-15 12:58:56,659 INFO o.a.j.p.h.s.HTTPSamplerBase: Parser for text/vnd.wap.wml is org.apache.jmeter.protocol.http.parser.RegexpHTMLParser
2023-07-15 12:58:56,659 INFO o.a.j.p.h.s.HTTPSamplerBase: Parser for text/css is org.apache.jmeter.protocol.http.parser.CssParser
2023-07-15 12:58:57,212 INFO o.a.j.s.FileServer: Set new base='C:\Users\Desktop\Downloads\apache-jmeter-5.6\bin\examples'
2023-07-15 12:59:12,793 INFO o.a.j.s.FileServer: Set new base='C:\Users\Desktop\Downloads\apache-jmeter-5.6\bin\examples'
2023-07-15 13:01:11,727 INFO o.a.j.g.a.Load: Loading file: C:\Users\Desktop\Downloads\apache-jmeter-5.6\bin\examples\binance.jmx
2023-07-15 13:01:11,727 INFO o.a.j.s.FileServer: Set new base='C:\Users\Desktop\Downloads\apache-jmeter-5.6\bin\examples'
2023-07-15 13:01:11,727 INFO o.a.j.s.SaveService: Loading file: C:\Users\Desktop\Downloads\apache-jmeter-5.6\bin\examples\binance.jmx
2023-07-15 13:01:11,804 INFO o.a.j.s.FileServer: Set new base='C:\Users\Desktop\Downloads\apache-jmeter-5.6\bin\examples'
2023-07-15 13:16:20,994 INFO o.a.j.e.StandardJMeterEngine: Running the test!
2023-07-15 13:16:20,994 INFO o.a.j.s.SampleEvent: List of sample_variables: []
2023-07-15 13:16:20,999 INFO o.a.j.s.SampleEvent: List of sample_variables: []
2023-07-15 13:16:20,999 INFO o.a.j.e.u.CompoundVariable: Note: Function class names must contain the string: '.functions.'
2023-07-15 13:16:20,999 INFO o.a.j.e.u.CompoundVariable: Note: Function class names must not contain the string: '.gui.'
2023-07-15 13:16:21,072 INFO o.a.j.g.u.JMeterMenuBar: setRunning(true, *local*)
2023-07-15 13:16:21,132 INFO o.a.j.e.StandardJMeterEngine: Starting ThreadGroup: 1 : Binance
2023-07-15 13:16:21,132 INFO o.a.j.e.StandardJMeterEngine: Starting 1 threads for group Binance.
2023-07-15 13:16:21,132 INFO o.a.j.e.StandardJMeterEngine: Thread will continue on error
2023-07-15 13:16:21,132 INFO o.a.j.t.ThreadGroup: Starting thread group... number=1 threads=1 ramp-up=1 delayedStart=false
2023-07-15 13:16:21,142 INFO o.a.j.t.ThreadGroup: Started thread group number 1
2023-07-15 13:16:21,142 INFO o.a.j.e.StandardJMeterEngine: All thread groups have been started
2023-07-15 13:16:21,142 INFO o.a.j.t.JMeterThread: Thread started: Binance 1-1
2023-07-15 13:16:21,159 INFO o.a.j.p.h.s.HTTPJavaImpl: Maximum connection retries = 0
2023-07-15 13:16:21,159 INFO o.a.j.s.SampleResult: Note: Sample TimeStamps are START times
2023-07-15 13:16:21,159 INFO o.a.j.s.SampleResult: sampleresult.default.encoding is set to ISO-8859-1
2023-07-15 13:16:21,159 INFO o.a.j.s.SampleResult: sampleresult.useNanoTime=true
2023-07-15 13:16:21,159 INFO o.a.j.s.SampleResult: sampleresult.nanoThreadSleep=5000
2023-07-15 13:16:21,159 INFO o.a.j.u.JsseSSLManager: Using default SSL protocol: TLS
2023-07-15 13:16:21,159 INFO o.a.j.u.JsseSSLManager: SSL session context: per-thread
2023-07-15 13:16:21,272 INFO o.a.j.u.SSLManager: JmeterKeyStore Location:  type JKS
2023-07-15 13:16:21,282 INFO o.a.j.u.SSLManager: KeyStore created OK
2023-07-15 13:16:21,282 WARN o.a.j.u.SSLManager: Keystore file not found, loading empty keystore
2023-07-15 13:16:22,039 INFO o.a.j.p.h.s.HTTPJavaImpl: Error Response Code: 404
2023-07-15 13:16:22,059 INFO o.a.j.t.JMeterThread: Thread is done: Binance 1-1
2023-07-15 13:16:22,059 INFO o.a.j.t.JMeterThread: Thread finished: Binance 1-1
2023-07-15 13:16:22,059 INFO o.a.j.e.StandardJMeterEngine: Notifying test listeners of end of test
2023-07-15 13:16:22,059 INFO o.a.j.g.u.JMeterMenuBar: setRunning(false, *local*)
2023-07-15 13:16:24,215 INFO o.a.j.e.StandardJMeterEngine: Running the test!
2023-07-15 13:16:24,216 INFO o.a.j.s.SampleEvent: List of sample_variables: []
2023-07-15 13:16:24,218 INFO o.a.j.g.u.JMeterMenuBar: setRunning(true, *local*)
2023-07-15 13:16:24,282 INFO o.a.j.e.StandardJMeterEngine: Starting ThreadGroup: 1 : Binance
2023-07-15 13:16:24,282 INFO o.a.j.e.StandardJMeterEngine: Starting 1 threads for group Binance.
2023-07-15 13:16:24,282 INFO o.a.j.e.StandardJMeterEngine: Thread will continue on error
2023-07-15 13:16:24,282 INFO o.a.j.t.ThreadGroup: Starting thread group... number=1 threads=1 ramp-up=1 delayedStart=false
2023-07-15 13:16:24,282 INFO o.a.j.t.ThreadGroup: Started thread group number 1
2023-07-15 13:16:24,282 INFO o.a.j.e.StandardJMeterEngine: All thread groups have been started
2023-07-15 13:16:24,282 INFO o.a.j.t.JMeterThread: Thread started: Binance 1-1
2023-07-15 13:16:24,547 INFO o.a.j.p.h.s.HTTPJavaImpl: Error Response Code: 404
2023-07-15 13:16:24,547 INFO o.a.j.t.JMeterThread: Thread is done: Binance 1-1
2023-07-15 13:16:24,547 INFO o.a.j.t.JMeterThread: Thread finished: Binance 1-1
2023-07-15 13:16:24,547 INFO o.a.j.e.StandardJMeterEngine: Notifying test listeners of end of test
2023-07-15 13:16:24,547 INFO o.a.j.g.u.JMeterMenuBar: setRunning(false, *local*)
2023-07-15 13:16:26,133 INFO o.a.j.e.StandardJMeterEngine: Running the test!
2023-07-15 13:16:26,134 INFO o.a.j.s.SampleEvent: List of sample_variables: []
2023-07-15 13:16:26,135 INFO o.a.j.g.u.JMeterMenuBar: setRunning(true, *local*)
2023-07-15 13:16:26,182 INFO o.a.j.e.StandardJMeterEngine: Starting ThreadGroup: 1 : Binance
2023-07-15 13:16:26,182 INFO o.a.j.e.StandardJMeterEngine: Starting 1 threads for group Binance.
2023-07-15 13:16:26,182 INFO o.a.j.e.StandardJMeterEngine: Thread will continue on error
2023-07-15 13:16:26,182 INFO o.a.j.t.ThreadGroup: Starting thread group... number=1 threads=1 ramp-up=1 delayedStart=false
2023-07-15 13:16:26,182 INFO o.a.j.t.ThreadGroup: Started thread group number 1
2023-07-15 13:16:26,182 INFO o.a.j.e.StandardJMeterEngine: All thread groups have been started
2023-07-15 13:16:26,182 INFO o.a.j.t.JMeterThread: Thread started: Binance 1-1
2023-07-15 13:16:26,442 INFO o.a.j.p.h.s.HTTPJavaImpl: Error Response Code: 404
2023-07-15 13:16:26,442 INFO o.a.j.t.JMeterThread: Thread is done: Binance 1-1
2023-07-15 13:16:26,442 INFO o.a.j.t.JMeterThread: Thread finished: Binance 1-1
2023-07-15 13:16:26,442 INFO o.a.j.e.StandardJMeterEngine: Notifying test listeners of end of test
2023-07-15 13:16:26,442 INFO o.a.j.g.u.JMeterMenuBar: setRunning(false, *local*)
2023-07-15 13:16:27,474 INFO o.a.j.e.StandardJMeterEngine: Running the test!
2023-07-15 13:16:27,475 INFO o.a.j.s.SampleEvent: List of sample_variables: []
2023-07-15 13:16:27,476 INFO o.a.j.g.u.JMeterMenuBar: setRunning(true, *local*)
2023-07-15 13:16:27,515 INFO o.a.j.e.StandardJMeterEngine: Starting ThreadGroup: 1 : Binance
2023-07-15 13:16:27,515 INFO o.a.j.e.StandardJMeterEngine: Starting 1 threads for group Binance.
2023-07-15 13:16:27,515 INFO o.a.j.e.StandardJMeterEngine: Thread will continue on error
2023-07-15 13:16:27,515 INFO o.a.j.t.ThreadGroup: Starting thread group... number=1 threads=1 ramp-up=1 delayedStart=false
2023-07-15 13:16:27,525 INFO o.a.j.t.ThreadGroup: Started thread group number 1
2023-07-15 13:16:27,525 INFO o.a.j.e.StandardJMeterEngine: All thread groups have been started
2023-07-15 13:16:27,525 INFO o.a.j.t.JMeterThread: Thread started: Binance 1-1
2023-07-15 13:16:27,782 INFO o.a.j.p.h.s.HTTPJavaImpl: Error Response Code: 404
2023-07-15 13:16:27,782 INFO o.a.j.t.JMeterThread: Thread is done: Binance 1-1
2023-07-15 13:16:27,782 INFO o.a.j.t.JMeterThread: Thread finished: Binance 1-1
2023-07-15 13:16:27,782 INFO o.a.j.e.StandardJMeterEngine: Notifying test listeners of end of test
2023-07-15 13:16:27,782 INFO o.a.j.g.u.JMeterMenuBar: setRunning(false, *local*)
2023-07-15 13:16:28,834 INFO o.a.j.e.StandardJMeterEngine: Running the test!
2023-07-15 13:16:28,834 INFO o.a.j.s.SampleEvent: List of sample_variables: []
2023-07-15 13:16:28,835 INFO o.a.j.g.u.JMeterMenuBar: setRunning(true, *local*)
2023-07-15 13:16:28,882 INFO o.a.j.e.StandardJMeterEngine: Starting ThreadGroup: 1 : Binance
2023-07-15 13:16:28,882 INFO o.a.j.e.StandardJMeterEngine: Starting 1 threads for group Binance.
2023-07-15 13:16:28,882 INFO o.a.j.e.StandardJMeterEngine: Thread will continue on error
2023-07-15 13:16:28,882 INFO o.a.j.t.ThreadGroup: Starting thread group... number=1 threads=1 ramp-up=1 delayedStart=false
2023-07-15 13:16:28,882 INFO o.a.j.t.ThreadGroup: Started thread group number 1
2023-07-15 13:16:28,882 INFO o.a.j.e.StandardJMeterEngine: All thread groups have been started
2023-07-15 13:16:28,882 INFO o.a.j.t.JMeterThread: Thread started: Binance 1-1
2023-07-15 13:16:29,132 INFO o.a.j.p.h.s.HTTPJavaImpl: Error Response Code: 404
2023-07-15 13:16:29,142 INFO o.a.j.t.JMeterThread: Thread is done: Binance 1-1
2023-07-15 13:16:29,142 INFO o.a.j.t.JMeterThread: Thread finished: Binance 1-1
2023-07-15 13:16:29,142 INFO o.a.j.e.StandardJMeterEngine: Notifying test listeners of end of test
2023-07-15 13:16:29,142 INFO o.a.j.g.u.JMeterMenuBar: setRunning(false, *local*)
2023-07-15 13:16:30,121 INFO o.a.j.e.StandardJMeterEngine: Running the test!
2023-07-15 13:16:30,121 INFO o.a.j.s.SampleEvent: List of sample_variables: []
2023-07-15 13:16:30,122 INFO o.a.j.g.u.JMeterMenuBar: setRunning(true, *local*)
2023-07-15 13:16:30,164 INFO o.a.j.e.StandardJMeterEngine: Starting ThreadGroup: 1 : Binance
2023-07-15 13:16:30,164 INFO o.a.j.e.StandardJMeterEngine: Starting 1 threads for group Binance.
2023-07-15 13:16:30,164 INFO o.a.j.e.StandardJMeterEngine: Thread will continue on error
2023-07-15 13:16:30,164 INFO o.a.j.t.ThreadGroup: Starting thread group... number=1 threads=1 ramp-up=1 delayedStart=false
2023-07-15 13:16:30,164 INFO o.a.j.t.ThreadGroup: Started thread group number 1
2023-07-15 13:16:30,164 INFO o.a.j.e.StandardJMeterEngine: All thread groups have been started
2023-07-15 13:16:30,164 INFO o.a.j.t.JMeterThread: Thread started: Binance 1-1
2023-07-15 13:16:30,426 INFO o.a.j.p.h.s.HTTPJavaImpl: Error Response Code: 404
2023-07-15 13:16:30,432 INFO o.a.j.t.JMeterThread: Thread is done: Binance 1-1
2023-07-15 13:16:30,432 INFO o.a.j.t.JMeterThread: Thread finished: Binance 1-1
2023-07-15 13:16:30,432 INFO o.a.j.e.StandardJMeterEngine: Notifying test listeners of end of test
2023-07-15 13:16:30,432 INFO o.a.j.g.u.JMeterMenuBar: setRunning(false, *local*)
2023-07-15 13:16:58,458 INFO o.a.j.e.StandardJMeterEngine: Running the test!
2023-07-15 13:16:58,459 INFO o.a.j.s.SampleEvent: List of sample_variables: []
2023-07-15 13:16:58,460 INFO o.a.j.g.u.JMeterMenuBar: setRunning(true, *local*)
2023-07-15 13:16:58,505 INFO o.a.j.e.StandardJMeterEngine: Starting ThreadGroup: 1 : Binance
2023-07-15 13:16:58,505 INFO o.a.j.e.StandardJMeterEngine: Starting 1 threads for group Binance.
2023-07-15 13:16:58,505 INFO o.a.j.e.StandardJMeterEngine: Thread will continue on error
2023-07-15 13:16:58,505 INFO o.a.j.t.ThreadGroup: Starting thread group... number=1 threads=1 ramp-up=1 delayedStart=false
2023-07-15 13:16:58,505 INFO o.a.j.t.ThreadGroup: Started thread group number 1
2023-07-15 13:16:58,505 INFO o.a.j.e.StandardJMeterEngine: All thread groups have been started
2023-07-15 13:16:58,505 INFO o.a.j.t.JMeterThread: Thread started: Binance 1-1
2023-07-15 13:16:59,549 INFO o.a.j.p.h.s.HTTPJavaImpl: Error Response Code: 404
2023-07-15 13:16:59,549 INFO o.a.j.t.JMeterThread: Thread is done: Binance 1-1
2023-07-15 13:16:59,559 INFO o.a.j.t.JMeterThread: Thread finished: Binance 1-1
2023-07-15 13:16:59,559 INFO o.a.j.e.StandardJMeterEngine: Notifying test listeners of end of test
2023-07-15 13:16:59,559 INFO o.a.j.g.u.JMeterMenuBar: setRunning(false, *local*)
2023-07-15 13:17:00,843 INFO o.a.j.e.StandardJMeterEngine: Running the test!
2023-07-15 13:17:00,844 INFO o.a.j.s.SampleEvent: List of sample_variables: []
2023-07-15 13:17:00,845 INFO o.a.j.g.u.JMeterMenuBar: setRunning(true, *local*)
2023-07-15 13:17:00,892 INFO o.a.j.e.StandardJMeterEngine: Starting ThreadGroup: 1 : Binance
2023-07-15 13:17:00,892 INFO o.a.j.e.StandardJMeterEngine: Starting 1 threads for group Binance.
2023-07-15 13:17:00,892 INFO o.a.j.e.StandardJMeterEngine: Thread will continue on error
2023-07-15 13:17:00,892 INFO o.a.j.t.ThreadGroup: Starting thread group... number=1 threads=1 ramp-up=1 delayedStart=false
2023-07-15 13:17:00,892 INFO o.a.j.t.ThreadGroup: Started thread group number 1
2023-07-15 13:17:00,892 INFO o.a.j.e.StandardJMeterEngine: All thread groups have been started
2023-07-15 13:17:00,892 INFO o.a.j.t.JMeterThread: Thread started: Binance 1-1
2023-07-15 13:17:01,839 INFO o.a.j.p.h.s.HTTPJavaImpl: Error Response Code: 404
2023-07-15 13:17:01,839 INFO o.a.j.t.JMeterThread: Thread is done: Binance 1-1
2023-07-15 13:17:01,839 INFO o.a.j.t.JMeterThread: Thread finished: Binance 1-1
2023-07-15 13:17:01,839 INFO o.a.j.e.StandardJMeterEngine: Notifying test listeners of end of test
2023-07-15 13:17:01,839 INFO o.a.j.g.u.JMeterMenuBar: setRunning(false, *local*)
2023-07-15 13:17:03,201 INFO o.a.j.e.StandardJMeterEngine: Running the test!
2023-07-15 13:17:03,201 INFO o.a.j.s.SampleEvent: List of sample_variables: []
2023-07-15 13:17:03,202 INFO o.a.j.g.u.JMeterMenuBar: setRunning(true, *local*)
2023-07-15 13:17:03,249 INFO o.a.j.e.StandardJMeterEngine: Starting ThreadGroup: 1 : Binance
2023-07-15 13:17:03,249 INFO o.a.j.e.StandardJMeterEngine: Starting 1 threads for group Binance.
2023-07-15 13:17:03,249 INFO o.a.j.e.StandardJMeterEngine: Thread will continue on error
2023-07-15 13:17:03,249 INFO o.a.j.t.ThreadGroup: Starting thread group... number=1 threads=1 ramp-up=1 delayedStart=false
2023-07-15 13:17:03,249 INFO o.a.j.t.ThreadGroup: Started thread group number 1
2023-07-15 13:17:03,249 INFO o.a.j.e.StandardJMeterEngine: All thread groups have been started
2023-07-15 13:17:03,249 INFO o.a.j.t.JMeterThread: Thread started: Binance 1-1
2023-07-15 13:17:04,194 INFO o.a.j.p.h.s.HTTPJavaImpl: Error Response Code: 404
2023-07-15 13:17:04,194 INFO o.a.j.t.JMeterThread: Thread is done: Binance 1-1
2023-07-15 13:17:04,194 INFO o.a.j.t.JMeterThread: Thread finished: Binance 1-1
2023-07-15 13:17:04,204 INFO o.a.j.e.StandardJMeterEngine: Notifying test listeners of end of test
2023-07-15 13:17:04,204 INFO o.a.j.g.u.JMeterMenuBar: setRunning(false, *local*)
2023-07-15 13:17:04,967 INFO o.a.j.e.StandardJMeterEngine: Running the test!
2023-07-15 13:17:04,967 INFO o.a.j.s.SampleEvent: List of sample_variables: []
2023-07-15 13:17:04,968 INFO o.a.j.g.u.JMeterMenuBar: setRunning(true, *local*)
2023-07-15 13:17:05,017 INFO o.a.j.e.StandardJMeterEngine: Starting ThreadGroup: 1 : Binance
2023-07-15 13:17:05,017 INFO o.a.j.e.StandardJMeterEngine: Starting 1 threads for group Binance.
2023-07-15 13:17:05,017 INFO o.a.j.e.StandardJMeterEngine: Thread will continue on error
2023-07-15 13:17:05,017 INFO o.a.j.t.ThreadGroup: Starting thread group... number=1 threads=1 ramp-up=1 delayedStart=false
2023-07-15 13:17:05,017 INFO o.a.j.t.ThreadGroup: Started thread group number 1
2023-07-15 13:17:05,017 INFO o.a.j.e.StandardJMeterEngine: All thread groups have been started
2023-07-15 13:17:05,017 INFO o.a.j.t.JMeterThread: Thread started: Binance 1-1
2023-07-15 13:17:05,958 INFO o.a.j.p.h.s.HTTPJavaImpl: Error Response Code: 404
2023-07-15 13:17:05,958 INFO o.a.j.t.JMeterThread: Thread is done: Binance 1-1
2023-07-15 13:17:05,958 INFO o.a.j.t.JMeterThread: Thread finished: Binance 1-1
2023-07-15 13:17:05,958 INFO o.a.j.e.StandardJMeterEngine: Notifying test listeners of end of test
2023-07-15 13:17:05,958 INFO o.a.j.g.u.JMeterMenuBar: setRunning(false, *local*)
2023-07-15 13:17:06,839 INFO o.a.j.e.StandardJMeterEngine: Running the test!
2023-07-15 13:17:06,840 INFO o.a.j.s.SampleEvent: List of sample_variables: []
2023-07-15 13:17:06,840 INFO o.a.j.g.u.JMeterMenuBar: setRunning(true, *local*)
2023-07-15 13:17:06,882 INFO o.a.j.e.StandardJMeterEngine: Starting ThreadGroup: 1 : Binance
2023-07-15 13:17:06,882 INFO o.a.j.e.StandardJMeterEngine: Starting 1 threads for group Binance.
2023-07-15 13:17:06,882 INFO o.a.j.e.StandardJMeterEngine: Thread will continue on error
2023-07-15 13:17:06,882 INFO o.a.j.t.ThreadGroup: Starting thread group... number=1 threads=1 ramp-up=1 delayedStart=false
2023-07-15 13:17:06,882 INFO o.a.j.t.ThreadGroup: Started thread group number 1
2023-07-15 13:17:06,882 INFO o.a.j.e.StandardJMeterEngine: All thread groups have been started
2023-07-15 13:17:06,882 INFO o.a.j.t.JMeterThread: Thread started: Binance 1-1
2023-07-15 13:17:07,837 INFO o.a.j.p.h.s.HTTPJavaImpl: Error Response Code: 404
2023-07-15 13:17:07,837 INFO o.a.j.t.JMeterThread: Thread is done: Binance 1-1
2023-07-15 13:17:07,837 INFO o.a.j.t.JMeterThread: Thread finished: Binance 1-1
2023-07-15 13:17:07,837 INFO o.a.j.e.StandardJMeterEngine: Notifying test listeners of end of test
2023-07-15 13:17:07,837 INFO o.a.j.g.u.JMeterMenuBar: setRunning(false, *local*)
2023-07-15 13:17:34,817 INFO o.a.j.e.StandardJMeterEngine: Running the test!
2023-07-15 13:17:34,818 INFO o.a.j.s.SampleEvent: List of sample_variables: []
2023-07-15 13:17:34,818 INFO o.a.j.g.u.JMeterMenuBar: setRunning(true, *local*)
2023-07-15 13:17:34,865 INFO o.a.j.e.StandardJMeterEngine: Starting ThreadGroup: 1 : Binance
2023-07-15 13:17:34,865 INFO o.a.j.e.StandardJMeterEngine: Starting 1 threads for group Binance.
2023-07-15 13:17:34,865 INFO o.a.j.e.StandardJMeterEngine: Thread will continue on error
2023-07-15 13:17:34,865 INFO o.a.j.t.ThreadGroup: Starting thread group... number=1 threads=1 ramp-up=1 delayedStart=false
2023-07-15 13:17:34,865 INFO o.a.j.t.ThreadGroup: Started thread group number 1
2023-07-15 13:17:34,865 INFO o.a.j.e.StandardJMeterEngine: All thread groups have been started
2023-07-15 13:17:34,865 INFO o.a.j.t.JMeterThread: Thread started: Binance 1-1
2023-07-15 13:17:35,955 INFO o.a.j.p.h.s.HTTPJavaImpl: Error Response Code: 404
2023-07-15 13:17:35,955 INFO o.a.j.t.JMeterThread: Thread is done: Binance 1-1
2023-07-15 13:17:35,955 INFO o.a.j.t.JMeterThread: Thread finished: Binance 1-1
2023-07-15 13:17:35,955 INFO o.a.j.e.StandardJMeterEngine: Notifying test listeners of end of test
2023-07-15 13:17:35,955 INFO o.a.j.g.u.JMeterMenuBar: setRunning(false, *local*)
2023-07-15 13:17:37,065 INFO o.a.j.e.StandardJMeterEngine: Running the test!
2023-07-15 13:17:37,065 INFO o.a.j.s.SampleEvent: List of sample_variables: []
2023-07-15 13:17:37,066 INFO o.a.j.g.u.JMeterMenuBar: setRunning(true, *local*)
2023-07-15 13:17:37,115 INFO o.a.j.e.StandardJMeterEngine: Starting ThreadGroup: 1 : Binance
2023-07-15 13:17:37,115 INFO o.a.j.e.StandardJMeterEngine: Starting 1 threads for group Binance.
2023-07-15 13:17:37,115 INFO o.a.j.e.StandardJMeterEngine: Thread will continue on error
2023-07-15 13:17:37,115 INFO o.a.j.t.ThreadGroup: Starting thread group... number=1 threads=1 ramp-up=1 delayedStart=false
2023-07-15 13:17:37,115 INFO o.a.j.t.ThreadGroup: Started thread group number 1
2023-07-15 13:17:37,115 INFO o.a.j.e.StandardJMeterEngine: All thread groups have been started
2023-07-15 13:17:37,115 INFO o.a.j.t.JMeterThread: Thread started: Binance 1-1
2023-07-15 13:17:37,375 INFO o.a.j.p.h.s.HTTPJavaImpl: Error Response Code: 404
2023-07-15 13:17:37,375 INFO o.a.j.t.JMeterThread: Thread is done: Binance 1-1
2023-07-15 13:17:37,375 INFO o.a.j.t.JMeterThread: Thread finished: Binance 1-1
2023-07-15 13:17:37,375 INFO o.a.j.e.StandardJMeterEngine: Notifying test listeners of end of test
2023-07-15 13:17:37,375 INFO o.a.j.g.u.JMeterMenuBar: setRunning(false, *local*)
2023-07-15 13:17:38,897 INFO o.a.j.e.StandardJMeterEngine: Running the test!
2023-07-15 13:17:38,897 INFO o.a.j.s.SampleEvent: List of sample_variables: []
2023-07-15 13:17:38,898 INFO o.a.j.g.u.JMeterMenuBar: setRunning(true, *local*)
2023-07-15 13:17:38,945 INFO o.a.j.e.StandardJMeterEngine: Starting ThreadGroup: 1 : Binance
2023-07-15 13:17:38,945 INFO o.a.j.e.StandardJMeterEngine: Starting 1 threads for group Binance.
2023-07-15 13:17:38,945 INFO o.a.j.e.StandardJMeterEngine: Thread will continue on error
2023-07-15 13:17:38,945 INFO o.a.j.t.ThreadGroup: Starting thread group... number=1 threads=1 ramp-up=1 delayedStart=false
2023-07-15 13:17:38,945 INFO o.a.j.t.ThreadGroup: Started thread group number 1
2023-07-15 13:17:38,945 INFO o.a.j.e.StandardJMeterEngine: All thread groups have been started
2023-07-15 13:17:38,945 INFO o.a.j.t.JMeterThread: Thread started: Binance 1-1
2023-07-15 13:17:39,199 INFO o.a.j.p.h.s.HTTPJavaImpl: Error Response Code: 404
2023-07-15 13:17:39,199 INFO o.a.j.t.JMeterThread: Thread is done: Binance 1-1
2023-07-15 13:17:39,199 INFO o.a.j.t.JMeterThread: Thread finished: Binance 1-1
2023-07-15 13:17:39,199 INFO o.a.j.e.StandardJMeterEngine: Notifying test listeners of end of test
2023-07-15 13:17:39,199 INFO o.a.j.g.u.JMeterMenuBar: setRunning(false, *local*)
2023-07-15 13:17:41,391 INFO o.a.j.e.StandardJMeterEngine: Running the test!
2023-07-15 13:17:41,391 INFO o.a.j.s.SampleEvent: List of sample_variables: []
2023-07-15 13:17:41,392 INFO o.a.j.g.u.JMeterMenuBar: setRunning(true, *local*)
2023-07-15 13:17:41,396 INFO o.a.j.e.StandardJMeterEngine: Starting ThreadGroup: 1 : Binance
2023-07-15 13:17:41,397 INFO o.a.j.e.StandardJMeterEngine: Starting 1 threads for group Binance.
2023-07-15 13:17:41,397 INFO o.a.j.e.StandardJMeterEngine: Thread will continue on error
2023-07-15 13:17:41,397 INFO o.a.j.t.ThreadGroup: Starting thread group... number=1 threads=1 ramp-up=1 delayedStart=false
2023-07-15 13:17:41,398 INFO o.a.j.t.ThreadGroup: Started thread group number 1
2023-07-15 13:17:41,398 INFO o.a.j.e.StandardJMeterEngine: All thread groups have been started
2023-07-15 13:17:41,398 INFO o.a.j.t.JMeterThread: Thread started: Binance 1-1
2023-07-15 13:17:41,655 INFO o.a.j.p.h.s.HTTPJavaImpl: Error Response Code: 404
2023-07-15 13:17:41,655 INFO o.a.j.t.JMeterThread: Thread is done: Binance 1-1
2023-07-15 13:17:41,655 INFO o.a.j.t.JMeterThread: Thread finished: Binance 1-1
2023-07-15 13:17:41,655 INFO o.a.j.e.StandardJMeterEngine: Notifying test listeners of end of test
2023-07-15 13:17:41,655 INFO o.a.j.g.u.JMeterMenuBar: setRunning(false, *local*)
2023-07-15 13:17:43,469 INFO o.a.j.e.StandardJMeterEngine: Running the test!
2023-07-15 13:17:43,469 INFO o.a.j.s.SampleEvent: List of sample_variables: []
2023-07-15 13:17:43,470 INFO o.a.j.g.u.JMeterMenuBar: setRunning(true, *local*)
2023-07-15 13:17:43,530 INFO o.a.j.e.StandardJMeterEngine: Starting ThreadGroup: 1 : Binance
2023-07-15 13:17:43,530 INFO o.a.j.e.StandardJMeterEngine: Starting 1 threads for group Binance.
2023-07-15 13:17:43,530 INFO o.a.j.e.StandardJMeterEngine: Thread will continue on error
2023-07-15 13:17:43,530 INFO o.a.j.t.ThreadGroup: Starting thread group... number=1 threads=1 ramp-up=1 delayedStart=false
2023-07-15 13:17:43,530 INFO o.a.j.t.ThreadGroup: Started thread group number 1
2023-07-15 13:17:43,530 INFO o.a.j.e.StandardJMeterEngine: All thread groups have been started
2023-07-15 13:17:43,530 INFO o.a.j.t.JMeterThread: Thread started: Binance 1-1
2023-07-15 13:17:43,782 INFO o.a.j.p.h.s.HTTPJavaImpl: Error Response Code: 404
2023-07-15 13:17:43,782 INFO o.a.j.t.JMeterThread: Thread is done: Binance 1-1
2023-07-15 13:17:43,782 INFO o.a.j.t.JMeterThread: Thread finished: Binance 1-1
2023-07-15 13:17:43,792 INFO o.a.j.e.StandardJMeterEngine: Notifying test listeners of end of test
2023-07-15 13:17:43,792 INFO o.a.j.g.u.JMeterMenuBar: setRunning(false, *local*)
2023-07-15 13:17:45,581 INFO o.a.j.e.StandardJMeterEngine: Running the test!
2023-07-15 13:17:45,582 INFO o.a.j.s.SampleEvent: List of sample_variables: []
2023-07-15 13:17:45,583 INFO o.a.j.g.u.JMeterMenuBar: setRunning(true, *local*)
2023-07-15 13:17:45,623 INFO o.a.j.e.StandardJMeterEngine: Starting ThreadGroup: 1 : Binance
2023-07-15 13:17:45,623 INFO o.a.j.e.StandardJMeterEngine: Starting 1 threads for group Binance.
2023-07-15 13:17:45,623 INFO o.a.j.e.StandardJMeterEngine: Thread will continue on error
2023-07-15 13:17:45,623 INFO o.a.j.t.ThreadGroup: Starting thread group... number=1 threads=1 ramp-up=1 delayedStart=false
2023-07-15 13:17:45,632 INFO o.a.j.t.ThreadGroup: Started thread group number 1
2023-07-15 13:17:45,632 INFO o.a.j.e.StandardJMeterEngine: All thread groups have been started
2023-07-15 13:17:45,632 INFO o.a.j.t.JMeterThread: Thread started: Binance 1-1
2023-07-15 13:17:45,882 INFO o.a.j.p.h.s.HTTPJavaImpl: Error Response Code: 404
2023-07-15 13:17:45,882 INFO o.a.j.t.JMeterThread: Thread is done: Binance 1-1
2023-07-15 13:17:45,892 INFO o.a.j.t.JMeterThread: Thread finished: Binance 1-1
2023-07-15 13:17:45,892 INFO o.a.j.e.StandardJMeterEngine: Notifying test listeners of end of test
2023-07-15 13:17:45,892 INFO o.a.j.g.u.JMeterMenuBar: setRunning(false, *local*)
2023-07-15 13:17:49,324 INFO o.a.j.e.StandardJMeterEngine: Running the test!
2023-07-15 13:17:49,325 INFO o.a.j.s.SampleEvent: List of sample_variables: []
2023-07-15 13:17:49,326 INFO o.a.j.g.u.JMeterMenuBar: setRunning(true, *local*)
2023-07-15 13:17:49,375 INFO o.a.j.e.StandardJMeterEngine: Starting ThreadGroup: 1 : Binance
2023-07-15 13:17:49,375 INFO o.a.j.e.StandardJMeterEngine: Starting 1 threads for group Binance.
2023-07-15 13:17:49,375 INFO o.a.j.e.StandardJMeterEngine: Thread will continue on error
2023-07-15 13:17:49,375 INFO o.a.j.t.ThreadGroup: Starting thread group... number=1 threads=1 ramp-up=1 delayedStart=false
2023-07-15 13:17:49,375 INFO o.a.j.t.ThreadGroup: Started thread group number 1
2023-07-15 13:17:49,375 INFO o.a.j.e.StandardJMeterEngine: All thread groups have been started
2023-07-15 13:17:49,375 INFO o.a.j.t.JMeterThread: Thread started: Binance 1-1
2023-07-15 13:17:49,632 INFO o.a.j.p.h.s.HTTPJavaImpl: Error Response Code: 404
2023-07-15 13:17:49,638 INFO o.a.j.t.JMeterThread: Thread is done: Binance 1-1
2023-07-15 13:17:49,638 INFO o.a.j.t.JMeterThread: Thread finished: Binance 1-1
2023-07-15 13:17:49,638 INFO o.a.j.e.StandardJMeterEngine: Notifying test listeners of end of test
2023-07-15 13:17:49,638 INFO o.a.j.g.u.JMeterMenuBar: setRunning(false, *local*)
2023-07-15 13:18:06,587 INFO o.a.j.e.StandardJMeterEngine: Running the test!
2023-07-15 13:18:06,587 INFO o.a.j.s.SampleEvent: List of sample_variables: []
2023-07-15 13:18:06,588 INFO o.a.j.g.u.JMeterMenuBar: setRunning(true, *local*)
2023-07-15 13:18:06,632 INFO o.a.j.e.StandardJMeterEngine: Starting ThreadGroup: 1 : Binance
2023-07-15 13:18:06,632 INFO o.a.j.e.StandardJMeterEngine: Starting 1 threads for group Binance.
2023-07-15 13:18:06,632 INFO o.a.j.e.StandardJMeterEngine: Thread will continue on error
2023-07-15 13:18:06,632 INFO o.a.j.t.ThreadGroup: Starting thread group... number=1 threads=1 ramp-up=1 delayedStart=false
2023-07-15 13:18:06,632 INFO o.a.j.t.ThreadGroup: Started thread group number 1
2023-07-15 13:18:06,632 INFO o.a.j.e.StandardJMeterEngine: All thread groups have been started
2023-07-15 13:18:06,632 INFO o.a.j.t.JMeterThread: Thread started: Binance 1-1
2023-07-15 13:18:07,704 INFO o.a.j.p.h.s.HTTPJavaImpl: Error Response Code: 404
2023-07-15 13:18:07,704 INFO o.a.j.t.JMeterThread: Thread is done: Binance 1-1
2023-07-15 13:18:07,704 INFO o.a.j.t.JMeterThread: Thread finished: Binance 1-1
2023-07-15 13:18:07,704 INFO o.a.j.e.StandardJMeterEngine: Notifying test listeners of end of test
2023-07-15 13:18:07,704 INFO o.a.j.g.u.JMeterMenuBar: setRunning(false, *local*)
2023-07-15 13:18:10,131 INFO o.a.j.e.StandardJMeterEngine: Running the test!
2023-07-15 13:18:10,132 INFO o.a.j.s.SampleEvent: List of sample_variables: []
2023-07-15 13:18:10,133 INFO o.a.j.g.u.JMeterMenuBar: setRunning(true, *local*)
2023-07-15 13:18:10,182 INFO o.a.j.e.StandardJMeterEngine: Starting ThreadGroup: 1 : Binance
2023-07-15 13:18:10,182 INFO o.a.j.e.StandardJMeterEngine: Starting 1 threads for group Binance.
2023-07-15 13:18:10,182 INFO o.a.j.e.StandardJMeterEngine: Thread will continue on error
2023-07-15 13:18:10,182 INFO o.a.j.t.ThreadGroup: Starting thread group... number=1 threads=1 ramp-up=1 delayedStart=false
2023-07-15 13:18:10,182 INFO o.a.j.t.ThreadGroup: Started thread group number 1
2023-07-15 13:18:10,182 INFO o.a.j.e.StandardJMeterEngine: All thread groups have been started
2023-07-15 13:18:10,182 INFO o.a.j.t.JMeterThread: Thread started: Binance 1-1
2023-07-15 13:18:10,436 INFO o.a.j.p.h.s.HTTPJavaImpl: Error Response Code: 404
2023-07-15 13:18:10,436 INFO o.a.j.t.JMeterThread: Thread is done: Binance 1-1
2023-07-15 13:18:10,436 INFO o.a.j.t.JMeterThread: Thread finished: Binance 1-1
2023-07-15 13:18:10,436 INFO o.a.j.e.StandardJMeterEngine: Notifying test listeners of end of test
2023-07-15 13:18:10,436 INFO o.a.j.g.u.JMeterMenuBar: setRunning(false, *local*)
2023-07-15 13:18:11,880 INFO o.a.j.e.StandardJMeterEngine: Running the test!
2023-07-15 13:18:11,881 INFO o.a.j.s.SampleEvent: List of sample_variables: []
2023-07-15 13:18:11,882 INFO o.a.j.g.u.JMeterMenuBar: setRunning(true, *local*)
2023-07-15 13:18:11,931 INFO o.a.j.e.StandardJMeterEngine: Starting ThreadGroup: 1 : Binance
2023-07-15 13:18:11,931 INFO o.a.j.e.StandardJMeterEngine: Starting 1 threads for group Binance.
2023-07-15 13:18:11,931 INFO o.a.j.e.StandardJMeterEngine: Thread will continue on error
2023-07-15 13:18:11,931 INFO o.a.j.t.ThreadGroup: Starting thread group... number=1 threads=1 ramp-up=1 delayedStart=false
2023-07-15 13:18:11,931 INFO o.a.j.t.ThreadGroup: Started thread group number 1
2023-07-15 13:18:11,931 INFO o.a.j.e.StandardJMeterEngine: All thread groups have been started
2023-07-15 13:18:11,931 INFO o.a.j.t.JMeterThread: Thread started: Binance 1-1
2023-07-15 13:18:12,192 INFO o.a.j.p.h.s.HTTPJavaImpl: Error Response Code: 404
2023-07-15 13:18:12,192 INFO o.a.j.t.JMeterThread: Thread is done: Binance 1-1
2023-07-15 13:18:12,192 INFO o.a.j.t.JMeterThread: Thread finished: Binance 1-1
2023-07-15 13:18:12,192 INFO o.a.j.e.StandardJMeterEngine: Notifying test listeners of end of test
2023-07-15 13:18:12,192 INFO o.a.j.g.u.JMeterMenuBar: setRunning(false, *local*)
2023-07-15 13:18:14,273 INFO o.a.j.e.StandardJMeterEngine: Running the test!
2023-07-15 13:18:14,273 INFO o.a.j.s.SampleEvent: List of sample_variables: []
2023-07-15 13:18:14,274 INFO o.a.j.g.u.JMeterMenuBar: setRunning(true, *local*)
2023-07-15 13:18:14,278 INFO o.a.j.e.StandardJMeterEngine: Starting ThreadGroup: 1 : Binance
2023-07-15 13:18:14,278 INFO o.a.j.e.StandardJMeterEngine: Starting 1 threads for group Binance.
2023-07-15 13:18:14,278 INFO o.a.j.e.StandardJMeterEngine: Thread will continue on error
2023-07-15 13:18:14,278 INFO o.a.j.t.ThreadGroup: Starting thread group... number=1 threads=1 ramp-up=1 delayedStart=false
2023-07-15 13:18:14,279 INFO o.a.j.t.ThreadGroup: Started thread group number 1
2023-07-15 13:18:14,279 INFO o.a.j.e.StandardJMeterEngine: All thread groups have been started
2023-07-15 13:18:14,280 INFO o.a.j.t.JMeterThread: Thread started: Binance 1-1
2023-07-15 13:18:14,532 INFO o.a.j.p.h.s.HTTPJavaImpl: Error Response Code: 404
2023-07-15 13:18:14,532 INFO o.a.j.t.JMeterThread: Thread is done: Binance 1-1
2023-07-15 13:18:14,532 INFO o.a.j.t.JMeterThread: Thread finished: Binance 1-1
2023-07-15 13:18:14,532 INFO o.a.j.e.StandardJMeterEngine: Notifying test listeners of end of test
2023-07-15 13:18:14,532 INFO o.a.j.g.u.JMeterMenuBar: setRunning(false, *local*)
2023-07-15 13:18:16,103 INFO o.a.j.e.StandardJMeterEngine: Running the test!
2023-07-15 13:18:16,104 INFO o.a.j.s.SampleEvent: List of sample_variables: []
2023-07-15 13:18:16,104 INFO o.a.j.g.u.JMeterMenuBar: setRunning(true, *local*)
2023-07-15 13:18:16,148 INFO o.a.j.e.StandardJMeterEngine: Starting ThreadGroup: 1 : Binance
2023-07-15 13:18:16,148 INFO o.a.j.e.StandardJMeterEngine: Starting 1 threads for group Binance.
2023-07-15 13:18:16,148 INFO o.a.j.e.StandardJMeterEngine: Thread will continue on error
2023-07-15 13:18:16,148 INFO o.a.j.t.ThreadGroup: Starting thread group... number=1 threads=1 ramp-up=1 delayedStart=false
2023-07-15 13:18:16,148 INFO o.a.j.t.ThreadGroup: Started thread group number 1
2023-07-15 13:18:16,148 INFO o.a.j.e.StandardJMeterEngine: All thread groups have been started
2023-07-15 13:18:16,148 INFO o.a.j.t.JMeterThread: Thread started: Binance 1-1
2023-07-15 13:18:16,406 INFO o.a.j.p.h.s.HTTPJavaImpl: Error Response Code: 404
2023-07-15 13:18:16,415 INFO o.a.j.t.JMeterThread: Thread is done: Binance 1-1
2023-07-15 13:18:16,415 INFO o.a.j.t.JMeterThread: Thread finished: Binance 1-1
2023-07-15 13:18:16,415 INFO o.a.j.e.StandardJMeterEngine: Notifying test listeners of end of test
2023-07-15 13:18:16,415 INFO o.a.j.g.u.JMeterMenuBar: setRunning(false, *local*)
2023-07-15 13:18:28,466 INFO o.a.j.e.StandardJMeterEngine: Running the test!
2023-07-15 13:18:28,467 INFO o.a.j.s.SampleEvent: List of sample_variables: []
2023-07-15 13:18:28,468 INFO o.a.j.g.u.JMeterMenuBar: setRunning(true, *local*)
2023-07-15 13:18:28,517 INFO o.a.j.e.StandardJMeterEngine: Starting ThreadGroup: 1 : Binance
2023-07-15 13:18:28,517 INFO o.a.j.e.StandardJMeterEngine: Starting 1 threads for group Binance.
2023-07-15 13:18:28,517 INFO o.a.j.e.StandardJMeterEngine: Thread will continue on error
2023-07-15 13:18:28,517 INFO o.a.j.t.ThreadGroup: Starting thread group... number=1 threads=1 ramp-up=1 delayedStart=false
2023-07-15 13:18:28,517 INFO o.a.j.t.ThreadGroup: Started thread group number 1
2023-07-15 13:18:28,517 INFO o.a.j.e.StandardJMeterEngine: All thread groups have been started
2023-07-15 13:18:28,517 INFO o.a.j.t.JMeterThread: Thread started: Binance 1-1
2023-07-15 13:18:29,592 INFO o.a.j.p.h.s.HTTPJavaImpl: Error Response Code: 404
2023-07-15 13:18:29,592 INFO o.a.j.t.JMeterThread: Thread is done: Binance 1-1
2023-07-15 13:18:29,592 INFO o.a.j.t.JMeterThread: Thread finished: Binance 1-1
2023-07-15 13:18:29,592 INFO o.a.j.e.StandardJMeterEngine: Notifying test listeners of end of test
2023-07-15 13:18:29,592 INFO o.a.j.g.u.JMeterMenuBar: setRunning(false, *local*)
2023-07-15 13:18:30,945 INFO o.a.j.e.StandardJMeterEngine: Running the test!
2023-07-15 13:18:30,946 INFO o.a.j.s.SampleEvent: List of sample_variables: []
2023-07-15 13:18:30,947 INFO o.a.j.g.u.JMeterMenuBar: setRunning(true, *local*)
2023-07-15 13:18:30,992 INFO o.a.j.e.StandardJMeterEngine: Starting ThreadGroup: 1 : Binance
2023-07-15 13:18:30,992 INFO o.a.j.e.StandardJMeterEngine: Starting 1 threads for group Binance.
2023-07-15 13:18:30,992 INFO o.a.j.e.StandardJMeterEngine: Thread will continue on error
2023-07-15 13:18:30,992 INFO o.a.j.t.ThreadGroup: Starting thread group... number=1 threads=1 ramp-up=1 delayedStart=false
2023-07-15 13:18:30,992 INFO o.a.j.t.ThreadGroup: Started thread group number 1
2023-07-15 13:18:30,992 INFO o.a.j.e.StandardJMeterEngine: All thread groups have been started
2023-07-15 13:18:30,992 INFO o.a.j.t.JMeterThread: Thread started: Binance 1-1
2023-07-15 13:18:31,249 INFO o.a.j.p.h.s.HTTPJavaImpl: Error Response Code: 404
2023-07-15 13:18:31,249 INFO o.a.j.t.JMeterThread: Thread is done: Binance 1-1
2023-07-15 13:18:31,249 INFO o.a.j.t.JMeterThread: Thread finished: Binance 1-1
2023-07-15 13:18:31,259 INFO o.a.j.e.StandardJMeterEngine: Notifying test listeners of end of test
2023-07-15 13:18:31,259 INFO o.a.j.g.u.JMeterMenuBar: setRunning(false, *local*)
2023-07-15 13:18:32,296 INFO o.a.j.e.StandardJMeterEngine: Running the test!
2023-07-15 13:18:32,297 INFO o.a.j.s.SampleEvent: List of sample_variables: []
2023-07-15 13:18:32,298 INFO o.a.j.g.u.JMeterMenuBar: setRunning(true, *local*)
2023-07-15 13:18:32,301 INFO o.a.j.e.StandardJMeterEngine: Starting ThreadGroup: 1 : Binance
2023-07-15 13:18:32,302 INFO o.a.j.e.StandardJMeterEngine: Starting 1 threads for group Binance.
2023-07-15 13:18:32,302 INFO o.a.j.e.StandardJMeterEngine: Thread will continue on error
2023-07-15 13:18:32,302 INFO o.a.j.t.ThreadGroup: Starting thread group... number=1 threads=1 ramp-up=1 delayedStart=false
2023-07-15 13:18:32,303 INFO o.a.j.t.ThreadGroup: Started thread group number 1
2023-07-15 13:18:32,303 INFO o.a.j.e.StandardJMeterEngine: All thread groups have been started
2023-07-15 13:18:32,303 INFO o.a.j.t.JMeterThread: Thread started: Binance 1-1
2023-07-15 13:18:32,563 INFO o.a.j.p.h.s.HTTPJavaImpl: Error Response Code: 404
2023-07-15 13:18:32,563 INFO o.a.j.t.JMeterThread: Thread is done: Binance 1-1
2023-07-15 13:18:32,563 INFO o.a.j.t.JMeterThread: Thread finished: Binance 1-1
2023-07-15 13:18:32,563 INFO o.a.j.e.StandardJMeterEngine: Notifying test listeners of end of test
2023-07-15 13:18:32,563 INFO o.a.j.g.u.JMeterMenuBar: setRunning(false, *local*)
2023-07-15 13:18:33,790 INFO o.a.j.e.StandardJMeterEngine: Running the test!
2023-07-15 13:18:33,791 INFO o.a.j.s.SampleEvent: List of sample_variables: []
2023-07-15 13:18:33,792 INFO o.a.j.g.u.JMeterMenuBar: setRunning(true, *local*)
2023-07-15 13:18:33,843 INFO o.a.j.e.StandardJMeterEngine: Starting ThreadGroup: 1 : Binance
2023-07-15 13:18:33,843 INFO o.a.j.e.StandardJMeterEngine: Starting 1 threads for group Binance.
2023-07-15 13:18:33,843 INFO o.a.j.e.StandardJMeterEngine: Thread will continue on error
2023-07-15 13:18:33,843 INFO o.a.j.t.ThreadGroup: Starting thread group... number=1 threads=1 ramp-up=1 delayedStart=false
2023-07-15 13:18:33,843 INFO o.a.j.t.ThreadGroup: Started thread group number 1
2023-07-15 13:18:33,843 INFO o.a.j.e.StandardJMeterEngine: All thread groups have been started
2023-07-15 13:18:33,843 INFO o.a.j.t.JMeterThread: Thread started: Binance 1-1
2023-07-15 13:18:34,098 INFO o.a.j.p.h.s.HTTPJavaImpl: Error Response Code: 404
2023-07-15 13:18:34,107 INFO o.a.j.t.JMeterThread: Thread is done: Binance 1-1
2023-07-15 13:18:34,107 INFO o.a.j.t.JMeterThread: Thread finished: Binance 1-1
2023-07-15 13:18:34,107 INFO o.a.j.e.StandardJMeterEngine: Notifying test listeners of end of test
2023-07-15 13:18:34,107 INFO o.a.j.g.u.JMeterMenuBar: setRunning(false, *local*)
2023-07-15 13:18:35,262 INFO o.a.j.e.StandardJMeterEngine: Running the test!
2023-07-15 13:18:35,263 INFO o.a.j.s.SampleEvent: List of sample_variables: []
2023-07-15 13:18:35,263 INFO o.a.j.g.u.JMeterMenuBar: setRunning(true, *local*)
2023-07-15 13:18:35,315 INFO o.a.j.e.StandardJMeterEngine: Starting ThreadGroup: 1 : Binance
2023-07-15 13:18:35,315 INFO o.a.j.e.StandardJMeterEngine: Starting 1 threads for group Binance.
2023-07-15 13:18:35,315 INFO o.a.j.e.StandardJMeterEngine: Thread will continue on error
2023-07-15 13:18:35,315 INFO o.a.j.t.ThreadGroup: Starting thread group... number=1 threads=1 ramp-up=1 delayedStart=false
2023-07-15 13:18:35,315 INFO o.a.j.t.ThreadGroup: Started thread group number 1
2023-07-15 13:18:35,315 INFO o.a.j.e.StandardJMeterEngine: All thread groups have been started
2023-07-15 13:18:35,315 INFO o.a.j.t.JMeterThread: Thread started: Binance 1-1
2023-07-15 13:18:35,576 INFO o.a.j.p.h.s.HTTPJavaImpl: Error Response Code: 404
2023-07-15 13:18:35,576 INFO o.a.j.t.JMeterThread: Thread is done: Binance 1-1
2023-07-15 13:18:35,576 INFO o.a.j.t.JMeterThread: Thread finished: Binance 1-1
2023-07-15 13:18:35,576 INFO o.a.j.e.StandardJMeterEngine: Notifying test listeners of end of test
2023-07-15 13:18:35,576 INFO o.a.j.g.u.JMeterMenuBar: setRunning(false, *local*)
2023-07-15 13:18:36,672 INFO o.a.j.e.StandardJMeterEngine: Running the test!
2023-07-15 13:18:36,672 INFO o.a.j.s.SampleEvent: List of sample_variables: []
2023-07-15 13:18:36,673 INFO o.a.j.g.u.JMeterMenuBar: setRunning(true, *local*)
2023-07-15 13:18:36,715 INFO o.a.j.e.StandardJMeterEngine: Starting ThreadGroup: 1 : Binance
2023-07-15 13:18:36,715 INFO o.a.j.e.StandardJMeterEngine: Starting 1 threads for group Binance.
2023-07-15 13:18:36,715 INFO o.a.j.e.StandardJMeterEngine: Thread will continue on error
2023-07-15 13:18:36,715 INFO o.a.j.t.ThreadGroup: Starting thread group... number=1 threads=1 ramp-up=1 delayedStart=false
2023-07-15 13:18:36,715 INFO o.a.j.t.ThreadGroup: Started thread group number 1
2023-07-15 13:18:36,715 INFO o.a.j.e.StandardJMeterEngine: All thread groups have been started
2023-07-15 13:18:36,715 INFO o.a.j.t.JMeterThread: Thread started: Binance 1-1
2023-07-15 13:18:36,982 INFO o.a.j.p.h.s.HTTPJavaImpl: Error Response Code: 404
2023-07-15 13:18:36,982 INFO o.a.j.t.JMeterThread: Thread is done: Binance 1-1
2023-07-15 13:18:36,982 INFO o.a.j.t.JMeterThread: Thread finished: Binance 1-1
2023-07-15 13:18:36,982 INFO o.a.j.e.StandardJMeterEngine: Notifying test listeners of end of test
2023-07-15 13:18:36,982 INFO o.a.j.g.u.JMeterMenuBar: setRunning(false, *local*)
2023-07-15 13:18:50,073 INFO o.a.j.e.StandardJMeterEngine: Running the test!
2023-07-15 13:18:50,073 INFO o.a.j.s.SampleEvent: List of sample_variables: []
2023-07-15 13:18:50,074 INFO o.a.j.g.u.JMeterMenuBar: setRunning(true, *local*)
2023-07-15 13:18:50,125 INFO o.a.j.e.StandardJMeterEngine: Starting ThreadGroup: 1 : Binance
2023-07-15 13:18:50,125 INFO o.a.j.e.StandardJMeterEngine: Starting 1 threads for group Binance.
2023-07-15 13:18:50,125 INFO o.a.j.e.StandardJMeterEngine: Thread will continue on error
2023-07-15 13:18:50,125 INFO o.a.j.t.ThreadGroup: Starting thread group... number=1 threads=1 ramp-up=1 delayedStart=false
2023-07-15 13:18:50,125 INFO o.a.j.t.ThreadGroup: Started thread group number 1
2023-07-15 13:18:50,125 INFO o.a.j.e.StandardJMeterEngine: All thread groups have been started
2023-07-15 13:18:50,125 INFO o.a.j.t.JMeterThread: Thread started: Binance 1-1
2023-07-15 13:18:51,192 INFO o.a.j.p.h.s.HTTPJavaImpl: Error Response Code: 404
2023-07-15 13:18:51,192 INFO o.a.j.t.JMeterThread: Thread is done: Binance 1-1
2023-07-15 13:18:51,192 INFO o.a.j.t.JMeterThread: Thread finished: Binance 1-1
2023-07-15 13:18:51,192 INFO o.a.j.e.StandardJMeterEngine: Notifying test listeners of end of test
2023-07-15 13:18:51,192 INFO o.a.j.g.u.JMeterMenuBar: setRunning(false, *local*)
2023-07-15 13:18:53,110 INFO o.a.j.e.StandardJMeterEngine: Running the test!
2023-07-15 13:18:53,111 INFO o.a.j.s.SampleEvent: List of sample_variables: []
2023-07-15 13:18:53,111 INFO o.a.j.g.u.JMeterMenuBar: setRunning(true, *local*)
2023-07-15 13:18:53,158 INFO o.a.j.e.StandardJMeterEngine: Starting ThreadGroup: 1 : Binance
2023-07-15 13:18:53,158 INFO o.a.j.e.StandardJMeterEngine: Starting 1 threads for group Binance.
2023-07-15 13:18:53,158 INFO o.a.j.e.StandardJMeterEngine: Thread will continue on error
2023-07-15 13:18:53,158 INFO o.a.j.t.ThreadGroup: Starting thread group... number=1 threads=1 ramp-up=1 delayedStart=false
2023-07-15 13:18:53,158 INFO o.a.j.t.ThreadGroup: Started thread group number 1
2023-07-15 13:18:53,158 INFO o.a.j.e.StandardJMeterEngine: All thread groups have been started
2023-07-15 13:18:53,158 INFO o.a.j.t.JMeterThread: Thread started: Binance 1-1
2023-07-15 13:18:53,419 INFO o.a.j.p.h.s.HTTPJavaImpl: Error Response Code: 404
2023-07-15 13:18:53,419 INFO o.a.j.t.JMeterThread: Thread is done: Binance 1-1
2023-07-15 13:18:53,419 INFO o.a.j.t.JMeterThread: Thread finished: Binance 1-1
2023-07-15 13:18:53,419 INFO o.a.j.e.StandardJMeterEngine: Notifying test listeners of end of test
2023-07-15 13:18:53,419 INFO o.a.j.g.u.JMeterMenuBar: setRunning(false, *local*)
2023-07-15 13:18:54,765 INFO o.a.j.e.StandardJMeterEngine: Running the test!
2023-07-15 13:18:54,765 INFO o.a.j.s.SampleEvent: List of sample_variables: []
2023-07-15 13:18:54,765 INFO o.a.j.g.u.JMeterMenuBar: setRunning(true, *local*)
2023-07-15 13:18:54,815 INFO o.a.j.e.StandardJMeterEngine: Starting ThreadGroup: 1 : Binance
2023-07-15 13:18:54,815 INFO o.a.j.e.StandardJMeterEngine: Starting 1 threads for group Binance.
2023-07-15 13:18:54,815 INFO o.a.j.e.StandardJMeterEngine: Thread will continue on error
2023-07-15 13:18:54,815 INFO o.a.j.t.ThreadGroup: Starting thread group... number=1 threads=1 ramp-up=1 delayedStart=false
2023-07-15 13:18:54,815 INFO o.a.j.t.ThreadGroup: Started thread group number 1
2023-07-15 13:18:54,815 INFO o.a.j.e.StandardJMeterEngine: All thread groups have been started
2023-07-15 13:18:54,815 INFO o.a.j.t.JMeterThread: Thread started: Binance 1-1
2023-07-15 13:18:55,076 INFO o.a.j.p.h.s.HTTPJavaImpl: Error Response Code: 404
2023-07-15 13:18:55,076 INFO o.a.j.t.JMeterThread: Thread is done: Binance 1-1
2023-07-15 13:18:55,076 INFO o.a.j.t.JMeterThread: Thread finished: Binance 1-1
2023-07-15 13:18:55,076 INFO o.a.j.e.StandardJMeterEngine: Notifying test listeners of end of test
2023-07-15 13:18:55,076 INFO o.a.j.g.u.JMeterMenuBar: setRunning(false, *local*)
2023-07-15 13:18:56,205 INFO o.a.j.e.StandardJMeterEngine: Running the test!
2023-07-15 13:18:56,205 INFO o.a.j.s.SampleEvent: List of sample_variables: []
2023-07-15 13:18:56,206 INFO o.a.j.g.u.JMeterMenuBar: setRunning(true, *local*)
2023-07-15 13:18:56,209 INFO o.a.j.e.StandardJMeterEngine: Starting ThreadGroup: 1 : Binance
2023-07-15 13:18:56,210 INFO o.a.j.e.StandardJMeterEngine: Starting 1 threads for group Binance.
2023-07-15 13:18:56,210 INFO o.a.j.e.StandardJMeterEngine: Thread will continue on error
2023-07-15 13:18:56,210 INFO o.a.j.t.ThreadGroup: Starting thread group... number=1 threads=1 ramp-up=1 delayedStart=false
2023-07-15 13:18:56,210 INFO o.a.j.t.ThreadGroup: Started thread group number 1
2023-07-15 13:18:56,210 INFO o.a.j.e.StandardJMeterEngine: All thread groups have been started
2023-07-15 13:18:56,211 INFO o.a.j.t.JMeterThread: Thread started: Binance 1-1
2023-07-15 13:18:56,465 INFO o.a.j.p.h.s.HTTPJavaImpl: Error Response Code: 404
2023-07-15 13:18:56,465 INFO o.a.j.t.JMeterThread: Thread is done: Binance 1-1
2023-07-15 13:18:56,465 INFO o.a.j.t.JMeterThread: Thread finished: Binance 1-1
2023-07-15 13:18:56,465 INFO o.a.j.e.StandardJMeterEngine: Notifying test listeners of end of test
2023-07-15 13:18:56,465 INFO o.a.j.g.u.JMeterMenuBar: setRunning(false, *local*)
2023-07-15 13:18:57,541 INFO o.a.j.e.StandardJMeterEngine: Running the test!
2023-07-15 13:18:57,541 INFO o.a.j.s.SampleEvent: List of sample_variables: []
2023-07-15 13:18:57,542 INFO o.a.j.g.u.JMeterMenuBar: setRunning(true, *local*)
2023-07-15 13:18:57,592 INFO o.a.j.e.StandardJMeterEngine: Starting ThreadGroup: 1 : Binance
2023-07-15 13:18:57,592 INFO o.a.j.e.StandardJMeterEngine: Starting 1 threads for group Binance.
2023-07-15 13:18:57,592 INFO o.a.j.e.StandardJMeterEngine: Thread will continue on error
2023-07-15 13:18:57,592 INFO o.a.j.t.ThreadGroup: Starting thread group... number=1 threads=1 ramp-up=1 delayedStart=false
2023-07-15 13:18:57,592 INFO o.a.j.t.ThreadGroup: Started thread group number 1
2023-07-15 13:18:57,592 INFO o.a.j.e.StandardJMeterEngine: All thread groups have been started
2023-07-15 13:18:57,592 INFO o.a.j.t.JMeterThread: Thread started: Binance 1-1
2023-07-15 13:18:57,851 INFO o.a.j.p.h.s.HTTPJavaImpl: Error Response Code: 404
2023-07-15 13:18:57,851 INFO o.a.j.t.JMeterThread: Thread is done: Binance 1-1
2023-07-15 13:18:57,851 INFO o.a.j.t.JMeterThread: Thread finished: Binance 1-1
2023-07-15 13:18:57,851 INFO o.a.j.e.StandardJMeterEngine: Notifying test listeners of end of test
2023-07-15 13:18:57,851 INFO o.a.j.g.u.JMeterMenuBar: setRunning(false, *local*)
